<?xml version="1.0" encoding="UTF-8"?>
<!-- Generated by org.testng.reporters.JUnitReportReporter -->
<testsuite hostname="LAPTOP-73Q0V0PU" failures="0" tests="5" name="testng.tstng1" time="0.026" errors="0" timestamp="2022-05-07T09:04:09 IST" skipped="1">
  <testcase classname="testng.tstng1" name="settings" time="0.021"/>
  <system-out>
    <![CDATA[settings]]>
  </system-out>
  <testcase classname="testng.tstng1" name="calls" time="0.002"/>
  <system-out>
    <![CDATA[calls]]>
  </system-out>
  <testcase classname="testng.tstng1" name="calls" time="0.002"/>
  <system-out>
    <![CDATA[calls]]>
  </system-out>
  <testcase classname="testng.tstng1" name="calls" time="0.001"/>
  <system-out>
    <![CDATA[calls]]>
  </system-out>
  <testcase classname="testng.tstng1" name="chats">
    <skipped/>
  </testcase> <!-- chats -->
  <system-out/>
</testsuite> <!-- testng.tstng1 -->
