<?xml version="1.0" encoding="UTF-8"?>
<!-- Generated by org.testng.reporters.JUnitReportReporter -->
<testsuite hostname="LAPTOP-73Q0V0PU" failures="0" tests="1" name="testng.testcase3" time="7.455" errors="0" timestamp="2022-05-09T23:07:10 IST" skipped="0">
  <testcase classname="testng.testcase3" name="createpage" time="7.455"/>
  <system-out>
    <![CDATA[Log in to Facebook
https://www.facebook.com/login/?next=https%3A%2F%2Fwww.facebook.com%2Fpages%2Fcreate%2F%3Fref_type%3Dregistration_form]]>
  </system-out>
</testsuite> <!-- testng.testcase3 -->
