<?xml version="1.0" encoding="UTF-8"?>
<!-- Generated by org.testng.reporters.JUnitReportReporter -->
<testsuite hostname="LAPTOP-73Q0V0PU" failures="0" tests="1" name="testng.tstng" time="0.014" errors="0" timestamp="2022-05-07T08:57:26 IST" skipped="0">
  <testcase classname="testng.tstng" name="tc1" time="0.014"/>
  <system-out>
    <![CDATA[hi
hi]]>
  </system-out>
</testsuite> <!-- testng.tstng -->
