<?xml version="1.0" encoding="UTF-8"?>
<!-- Generated by org.testng.reporters.JUnitReportReporter -->
<testsuite hostname="LAPTOP-73Q0V0PU" failures="0" tests="1" name="testng.testcase2" time="6.401" errors="0" timestamp="2022-05-09T23:07:10 IST" skipped="0">
  <testcase classname="testng.testcase2" name="forgotPassword" time="6.401"/>
  <system-out>
    <![CDATA[Forgotten Password | Can't Log In | Facebook
https://www.facebook.com/login/identify/?ctx=recover&ars=facebook_login&from_login_screen=0]]>
  </system-out>
</testsuite> <!-- testng.testcase2 -->
